*** Starting uWSGI 2.0.18 (64bit) on [Sat Apr 20 16:47:12 2019] ***
compiled with version: 6.3.0 20170516 on 17 March 2019 07:55:26
os: Linux-3.10.0-957.5.1.el7.x86_64 #1 SMP Fri Feb 1 14:54:57 UTC 2019
nodename: 30298ef5a753
machine: x86_64
clock source: unix
pcre jit disabled
detected number of CPU cores: 2
current working directory: /code
detected binary path: /usr/local/bin/uwsgi
uWSGI running as root, you can use --uid/--gid/--chroot options
*** WARNING: you are running uWSGI as root !!! (use the --uid flag) *** 
your memory page size is 4096 bytes
detected max file descriptor number: 1048576
lock engine: pthread robust mutexes
thunder lock: disabled (you can enable it with --thunder-lock)
uwsgi socket 0 bound to TCP address :8002 fd 3
uWSGI running as root, you can use --uid/--gid/--chroot options
*** WARNING: you are running uWSGI as root !!! (use the --uid flag) *** 
Python version: 3.7.2 (default, Mar  5 2019, 06:22:51)  [GCC 6.3.0 20170516]
Python main interpreter initialized at 0x560216f26e50
uWSGI running as root, you can use --uid/--gid/--chroot options
*** WARNING: you are running uWSGI as root !!! (use the --uid flag) *** 
python threads support enabled
your server socket listen backlog is limited to 100 connections
your mercy for graceful operations on workers is 60 seconds
mapped 145840 bytes (142 KB) for 1 cores
*** Operational MODE: single process ***
WSGI app 0 (mountpoint='') ready in 1 seconds on interpreter 0x560216f26e50 pid: 1 (default app)
mountpoint  already configured. skip.
uWSGI running as root, you can use --uid/--gid/--chroot options
*** WARNING: you are running uWSGI as root !!! (use the --uid flag) *** 
*** uWSGI is running in multiple interpreter mode ***
spawned uWSGI master process (pid: 1)
spawned uWSGI worker 1 (pid: 6, cores: 1)
Python auto-reloader enabled
Invalid HTTP_HOST header: '192.168.33.11:7000'. You may need to add '192.168.33.11' to ALLOWED_HOSTS.
Bad Request: /
[pid: 6|app: 0|req: 1/1] 192.168.33.1 () {44 vars in 823 bytes} [Sat Apr 20 07:47:26 2019] GET / => generated 55761 bytes in 118 msecs (HTTP/1.1 400) 1 headers in 53 bytes (1 switches on core 0)
Invalid HTTP_HOST header: '192.168.33.11:7000'. You may need to add '192.168.33.11' to ALLOWED_HOSTS.
Bad Request: /favicon.ico
[pid: 6|app: 0|req: 2/2] 192.168.33.1 () {46 vars in 795 bytes} [Sat Apr 20 07:47:27 2019] GET /favicon.ico => generated 55947 bytes in 156 msecs (HTTP/1.1 400) 1 headers in 53 bytes (1 switches on core 0)
[uwsgi-python-reloader] module/file ./app/settings.py has been modified
...gracefully killing workers...
Gracefully killing worker 1 (pid: 6)...
worker 1 buried after 1 seconds
binary reloading uWSGI...
chdir() to /code
closing all non-uwsgi socket fds > 2 (max_fd = 1048576)...
found fd 3 mapped to socket 0 (:8002)
running /usr/local/bin/uwsgi
[uWSGI] getting INI configuration from /code/app/django.ini
*** Starting uWSGI 2.0.18 (64bit) on [Sat Apr 20 07:47:48 2019] ***
compiled with version: 6.3.0 20170516 on 17 March 2019 07:55:26
os: Linux-3.10.0-957.5.1.el7.x86_64 #1 SMP Fri Feb 1 14:54:57 UTC 2019
nodename: 30298ef5a753
machine: x86_64
clock source: unix
pcre jit disabled
detected number of CPU cores: 2
current working directory: /code
detected binary path: /usr/local/bin/uwsgi
uWSGI running as root, you can use --uid/--gid/--chroot options
*** WARNING: you are running uWSGI as root !!! (use the --uid flag) *** 
your memory page size is 4096 bytes
detected max file descriptor number: 1048576
lock engine: pthread robust mutexes
thunder lock: disabled (you can enable it with --thunder-lock)
uwsgi socket 0 inherited INET address :8002 fd 3
uWSGI running as root, you can use --uid/--gid/--chroot options
*** WARNING: you are running uWSGI as root !!! (use the --uid flag) *** 
Python version: 3.7.2 (default, Mar  5 2019, 06:22:51)  [GCC 6.3.0 20170516]
Python main interpreter initialized at 0x562520fe0d80
uWSGI running as root, you can use --uid/--gid/--chroot options
*** WARNING: you are running uWSGI as root !!! (use the --uid flag) *** 
python threads support enabled
your server socket listen backlog is limited to 100 connections
your mercy for graceful operations on workers is 60 seconds
mapped 145840 bytes (142 KB) for 1 cores
*** Operational MODE: single process ***
WSGI app 0 (mountpoint='') ready in 2 seconds on interpreter 0x562520fe0d80 pid: 1 (default app)
mountpoint  already configured. skip.
uWSGI running as root, you can use --uid/--gid/--chroot options
*** WARNING: you are running uWSGI as root !!! (use the --uid flag) *** 
*** uWSGI is running in multiple interpreter mode ***
gracefully (RE)spawned uWSGI master process (pid: 1)
spawned uWSGI worker 1 (pid: 8, cores: 1)
Python auto-reloader enabled
[pid: 8|app: 0|req: 1/1] 192.168.33.1 () {44 vars in 823 bytes} [Sat Apr 20 07:47:57 2019] GET / => generated 16348 bytes in 35 msecs (HTTP/1.1 200) 3 headers in 96 bytes (1 switches on core 0)
Not Found: /favicon.ico
[pid: 8|app: 0|req: 2/2] 192.168.33.1 () {46 vars in 795 bytes} [Sat Apr 20 07:47:57 2019] GET /favicon.ico => generated 1973 bytes in 14 msecs (HTTP/1.1 404) 3 headers in 102 bytes (1 switches on core 0)
