*** Starting uWSGI 2.0.18 (64bit) on [Sat Apr 20 16:32:01 2019] ***
compiled with version: 6.3.0 20170516 on 17 March 2019 08:56:59
os: Linux-3.10.0-957.5.1.el7.x86_64 #1 SMP Fri Feb 1 14:54:57 UTC 2019
nodename: 0ebc54981e00
machine: x86_64
clock source: unix
pcre jit disabled
detected number of CPU cores: 2
current working directory: /code
detected binary path: /usr/local/bin/uwsgi
uWSGI running as root, you can use --uid/--gid/--chroot options
*** WARNING: you are running uWSGI as root !!! (use the --uid flag) *** 
your memory page size is 4096 bytes
detected max file descriptor number: 1048576
lock engine: pthread robust mutexes
thunder lock: disabled (you can enable it with --thunder-lock)
uwsgi socket 0 bound to TCP address :8001 fd 3
uWSGI running as root, you can use --uid/--gid/--chroot options
*** WARNING: you are running uWSGI as root !!! (use the --uid flag) *** 
Python version: 3.7.2 (default, Mar  5 2019, 06:22:51)  [GCC 6.3.0 20170516]
Python main interpreter initialized at 0x55cc627a8e50
uWSGI running as root, you can use --uid/--gid/--chroot options
*** WARNING: you are running uWSGI as root !!! (use the --uid flag) *** 
python threads support enabled
your server socket listen backlog is limited to 100 connections
your mercy for graceful operations on workers is 60 seconds
mapped 145840 bytes (142 KB) for 1 cores
*** Operational MODE: single process ***
ModuleNotFoundError: No module named 'vodSearchApp'
unable to load app 0 (mountpoint='') (callable not found or import error)
WSGI app 0 (mountpoint='') ready in 1 seconds on interpreter 0x55cc627a8e50 pid: 1 (default app)
uWSGI running as root, you can use --uid/--gid/--chroot options
*** WARNING: you are running uWSGI as root !!! (use the --uid flag) *** 
*** uWSGI is running in multiple interpreter mode ***
spawned uWSGI master process (pid: 1)
spawned uWSGI worker 1 (pid: 7, cores: 1)
Python auto-reloader enabled
[pid: 7|app: 0|req: 1/1] 192.168.33.1 () {44 vars in 837 bytes} [Sat Apr 20 07:32:04 2019] GET / => generated 16348 bytes in 52 msecs (HTTP/1.1 200) 3 headers in 96 bytes (1 switches on core 0)
[pid: 7|app: 0|req: 2/2] 192.168.33.1 () {44 vars in 844 bytes} [Sat Apr 20 07:32:09 2019] GET / => generated 16348 bytes in 4 msecs (HTTP/1.1 200) 3 headers in 96 bytes (1 switches on core 0)
[pid: 7|app: 0|req: 3/3] 192.168.33.1 () {44 vars in 844 bytes} [Sat Apr 20 07:34:58 2019] GET / => generated 16348 bytes in 5 msecs (HTTP/1.1 200) 3 headers in 96 bytes (1 switches on core 0)
...brutally killing workers...
worker 1 buried after 1 seconds
binary reloading uWSGI...
chdir() to /code
closing all non-uwsgi socket fds > 2 (max_fd = 1048576)...
found fd 3 mapped to socket 0 (:8001)
running /usr/local/bin/uwsgi
[uWSGI] getting INI configuration from /code/app/django.ini
*** Starting uWSGI 2.0.18 (64bit) on [Sat Apr 20 07:35:08 2019] ***
compiled with version: 6.3.0 20170516 on 17 March 2019 08:56:59
os: Linux-3.10.0-957.5.1.el7.x86_64 #1 SMP Fri Feb 1 14:54:57 UTC 2019
nodename: 0ebc54981e00
machine: x86_64
clock source: unix
pcre jit disabled
detected number of CPU cores: 2
current working directory: /code
detected binary path: /usr/local/bin/uwsgi
uWSGI running as root, you can use --uid/--gid/--chroot options
*** WARNING: you are running uWSGI as root !!! (use the --uid flag) *** 
your memory page size is 4096 bytes
detected max file descriptor number: 1048576
lock engine: pthread robust mutexes
thunder lock: disabled (you can enable it with --thunder-lock)
uwsgi socket 0 inherited INET address :8001 fd 3
uWSGI running as root, you can use --uid/--gid/--chroot options
*** WARNING: you are running uWSGI as root !!! (use the --uid flag) *** 
Python version: 3.7.2 (default, Mar  5 2019, 06:22:51)  [GCC 6.3.0 20170516]
Python main interpreter initialized at 0x560e54c59d80
uWSGI running as root, you can use --uid/--gid/--chroot options
*** WARNING: you are running uWSGI as root !!! (use the --uid flag) *** 
python threads support enabled
your server socket listen backlog is limited to 100 connections
your mercy for graceful operations on workers is 60 seconds
mapped 145840 bytes (142 KB) for 1 cores
*** Operational MODE: single process ***
WSGI app 0 (mountpoint='') ready in 1 seconds on interpreter 0x560e54c59d80 pid: 1 (default app)
mountpoint  already configured. skip.
uWSGI running as root, you can use --uid/--gid/--chroot options
*** WARNING: you are running uWSGI as root !!! (use the --uid flag) *** 
*** uWSGI is running in multiple interpreter mode ***
gracefully (RE)spawned uWSGI master process (pid: 1)
spawned uWSGI worker 1 (pid: 15, cores: 1)
Python auto-reloader enabled
*** Starting uWSGI 2.0.18 (64bit) on [Sat Apr 20 16:35:22 2019] ***
compiled with version: 6.3.0 20170516 on 17 March 2019 08:56:59
os: Linux-3.10.0-957.5.1.el7.x86_64 #1 SMP Fri Feb 1 14:54:57 UTC 2019
nodename: 1067243a1c90
machine: x86_64
clock source: unix
pcre jit disabled
detected number of CPU cores: 2
current working directory: /code
detected binary path: /usr/local/bin/uwsgi
uWSGI running as root, you can use --uid/--gid/--chroot options
*** WARNING: you are running uWSGI as root !!! (use the --uid flag) *** 
your memory page size is 4096 bytes
detected max file descriptor number: 1048576
lock engine: pthread robust mutexes
thunder lock: disabled (you can enable it with --thunder-lock)
uwsgi socket 0 bound to TCP address :8001 fd 3
uWSGI running as root, you can use --uid/--gid/--chroot options
*** WARNING: you are running uWSGI as root !!! (use the --uid flag) *** 
Python version: 3.7.2 (default, Mar  5 2019, 06:22:51)  [GCC 6.3.0 20170516]
Python main interpreter initialized at 0x55f767579e50
uWSGI running as root, you can use --uid/--gid/--chroot options
*** WARNING: you are running uWSGI as root !!! (use the --uid flag) *** 
python threads support enabled
your server socket listen backlog is limited to 100 connections
your mercy for graceful operations on workers is 60 seconds
mapped 145840 bytes (142 KB) for 1 cores
*** Operational MODE: single process ***
WSGI app 0 (mountpoint='') ready in 1 seconds on interpreter 0x55f767579e50 pid: 1 (default app)
mountpoint  already configured. skip.
uWSGI running as root, you can use --uid/--gid/--chroot options
*** WARNING: you are running uWSGI as root !!! (use the --uid flag) *** 
*** uWSGI is running in multiple interpreter mode ***
spawned uWSGI master process (pid: 1)
spawned uWSGI worker 1 (pid: 6, cores: 1)
Python auto-reloader enabled
[pid: 6|app: 0|req: 1/1] 192.168.33.1 () {44 vars in 844 bytes} [Sat Apr 20 07:35:26 2019] GET / => generated 16348 bytes in 48 msecs (HTTP/1.1 200) 3 headers in 96 bytes (1 switches on core 0)
[pid: 6|app: 0|req: 2/2] 192.168.33.1 () {44 vars in 844 bytes} [Sat Apr 20 07:35:27 2019] GET / => generated 16348 bytes in 6 msecs (HTTP/1.1 200) 3 headers in 96 bytes (1 switches on core 0)
[pid: 6|app: 0|req: 3/3] 192.168.33.1 () {44 vars in 844 bytes} [Sat Apr 20 07:35:27 2019] GET / => generated 16348 bytes in 5 msecs (HTTP/1.1 200) 3 headers in 96 bytes (1 switches on core 0)
[pid: 6|app: 0|req: 4/4] 192.168.33.1 () {44 vars in 844 bytes} [Sat Apr 20 07:35:27 2019] GET / => generated 16348 bytes in 4 msecs (HTTP/1.1 200) 3 headers in 96 bytes (1 switches on core 0)
[pid: 6|app: 0|req: 5/5] 192.168.33.1 () {44 vars in 844 bytes} [Sat Apr 20 07:35:27 2019] GET / => generated 16348 bytes in 5 msecs (HTTP/1.1 200) 3 headers in 96 bytes (1 switches on core 0)
[pid: 6|app: 0|req: 6/6] 192.168.33.1 () {44 vars in 844 bytes} [Sat Apr 20 07:35:27 2019] GET / => generated 16348 bytes in 2 msecs (HTTP/1.1 200) 3 headers in 96 bytes (1 switches on core 0)
[pid: 6|app: 0|req: 7/7] 192.168.33.1 () {44 vars in 844 bytes} [Sat Apr 20 07:35:28 2019] GET / => generated 16348 bytes in 3 msecs (HTTP/1.1 200) 3 headers in 96 bytes (1 switches on core 0)
[pid: 6|app: 0|req: 8/8] 192.168.33.1 () {44 vars in 844 bytes} [Sat Apr 20 07:35:28 2019] GET / => generated 16348 bytes in 10 msecs (HTTP/1.1 200) 3 headers in 96 bytes (1 switches on core 0)
[pid: 6|app: 0|req: 9/9] 192.168.33.1 () {44 vars in 844 bytes} [Sat Apr 20 07:35:28 2019] GET / => generated 16348 bytes in 6 msecs (HTTP/1.1 200) 3 headers in 96 bytes (1 switches on core 0)
[pid: 6|app: 0|req: 10/10] 192.168.33.1 () {44 vars in 844 bytes} [Sat Apr 20 07:35:28 2019] GET / => generated 16348 bytes in 4 msecs (HTTP/1.1 200) 3 headers in 96 bytes (1 switches on core 0)
...brutally killing workers...
worker 1 buried after 1 seconds
binary reloading uWSGI...
chdir() to /code
closing all non-uwsgi socket fds > 2 (max_fd = 1048576)...
found fd 3 mapped to socket 0 (:8001)
running /usr/local/bin/uwsgi
[uWSGI] getting INI configuration from /code/app/django.ini
*** Starting uWSGI 2.0.18 (64bit) on [Sat Apr 20 07:37:43 2019] ***
compiled with version: 6.3.0 20170516 on 17 March 2019 08:56:59
os: Linux-3.10.0-957.5.1.el7.x86_64 #1 SMP Fri Feb 1 14:54:57 UTC 2019
nodename: 1067243a1c90
machine: x86_64
clock source: unix
pcre jit disabled
detected number of CPU cores: 2
current working directory: /code
detected binary path: /usr/local/bin/uwsgi
uWSGI running as root, you can use --uid/--gid/--chroot options
*** WARNING: you are running uWSGI as root !!! (use the --uid flag) *** 
your memory page size is 4096 bytes
detected max file descriptor number: 1048576
lock engine: pthread robust mutexes
thunder lock: disabled (you can enable it with --thunder-lock)
uwsgi socket 0 inherited INET address :8001 fd 3
uWSGI running as root, you can use --uid/--gid/--chroot options
*** WARNING: you are running uWSGI as root !!! (use the --uid flag) *** 
Python version: 3.7.2 (default, Mar  5 2019, 06:22:51)  [GCC 6.3.0 20170516]
Python main interpreter initialized at 0x562da5035d50
uWSGI running as root, you can use --uid/--gid/--chroot options
*** WARNING: you are running uWSGI as root !!! (use the --uid flag) *** 
python threads support enabled
your server socket listen backlog is limited to 100 connections
your mercy for graceful operations on workers is 60 seconds
mapped 145840 bytes (142 KB) for 1 cores
*** Operational MODE: single process ***
WSGI app 0 (mountpoint='') ready in 0 seconds on interpreter 0x562da5035d50 pid: 1 (default app)
uWSGI running as root, you can use --uid/--gid/--chroot options
*** WARNING: you are running uWSGI as root !!! (use the --uid flag) *** 
*** uWSGI is running in multiple interpreter mode ***
gracefully (RE)spawned uWSGI master process (pid: 1)
spawned uWSGI worker 1 (pid: 8, cores: 1)
Python auto-reloader enabled
*** Starting uWSGI 2.0.18 (64bit) on [Sat Apr 20 16:37:59 2019] ***
compiled with version: 6.3.0 20170516 on 17 March 2019 08:56:59
os: Linux-3.10.0-957.5.1.el7.x86_64 #1 SMP Fri Feb 1 14:54:57 UTC 2019
nodename: 3730dc2a5513
machine: x86_64
clock source: unix
pcre jit disabled
detected number of CPU cores: 2
current working directory: /code
detected binary path: /usr/local/bin/uwsgi
uWSGI running as root, you can use --uid/--gid/--chroot options
*** WARNING: you are running uWSGI as root !!! (use the --uid flag) *** 
your memory page size is 4096 bytes
detected max file descriptor number: 1048576
lock engine: pthread robust mutexes
thunder lock: disabled (you can enable it with --thunder-lock)
uwsgi socket 0 bound to TCP address :8001 fd 3
uWSGI running as root, you can use --uid/--gid/--chroot options
*** WARNING: you are running uWSGI as root !!! (use the --uid flag) *** 
Python version: 3.7.2 (default, Mar  5 2019, 06:22:51)  [GCC 6.3.0 20170516]
Python main interpreter initialized at 0x55fd89d9ee20
uWSGI running as root, you can use --uid/--gid/--chroot options
*** WARNING: you are running uWSGI as root !!! (use the --uid flag) *** 
python threads support enabled
your server socket listen backlog is limited to 100 connections
your mercy for graceful operations on workers is 60 seconds
mapped 145840 bytes (142 KB) for 1 cores
*** Operational MODE: single process ***
WSGI app 0 (mountpoint='') ready in 1 seconds on interpreter 0x55fd89d9ee20 pid: 1 (default app)
uWSGI running as root, you can use --uid/--gid/--chroot options
*** WARNING: you are running uWSGI as root !!! (use the --uid flag) *** 
*** uWSGI is running in multiple interpreter mode ***
spawned uWSGI master process (pid: 1)
spawned uWSGI worker 1 (pid: 6, cores: 1)
Python auto-reloader enabled
[pid: 6|app: 0|req: 1/1] 192.168.33.1 () {44 vars in 844 bytes} [Sat Apr 20 07:38:03 2019] GET / => generated 16348 bytes in 25 msecs (HTTP/1.1 200) 3 headers in 96 bytes (1 switches on core 0)
[pid: 6|app: 0|req: 2/2] 192.168.33.1 () {44 vars in 844 bytes} [Sat Apr 20 07:38:03 2019] GET / => generated 16348 bytes in 7 msecs (HTTP/1.1 200) 3 headers in 96 bytes (1 switches on core 0)
[pid: 6|app: 0|req: 3/3] 192.168.33.1 () {44 vars in 844 bytes} [Sat Apr 20 07:38:04 2019] GET / => generated 16348 bytes in 5 msecs (HTTP/1.1 200) 3 headers in 96 bytes (1 switches on core 0)
[pid: 6|app: 0|req: 4/4] 192.168.33.1 () {44 vars in 844 bytes} [Sat Apr 20 07:38:04 2019] GET / => generated 16348 bytes in 4 msecs (HTTP/1.1 200) 3 headers in 96 bytes (1 switches on core 0)
